*** Using Compiler 'V5.06 update 7 (build 960)', folder: 'D:\Keil_v5\ARM\ARMCC\Bin'
Rebuild target 'FreeRTOS'
compiling main.c...
compiling LED.C...
compiling key.c...
compiling stm32f4xx_it.c...
compiling motor.c...
compiling oled.c...
compiling system_stm32f4xx.c...
compiling pstwo.c...
compiling ICM20948.c...
compiling timer.c...
compiling usartx.c...
compiling MPU6050.c...
compiling I2C.c...
compiling delay.c...
compiling sys.c...
compiling usart.c...
compiling misc.c...
compiling stm32f4xx_gpio.c...
compiling stm32f4xx_rcc.c...
compiling stm32f4xx_syscfg.c...
compiling stm32f4xx_usart.c...
compiling stm32f4xx_adc.c...
compiling stm32f4xx_can.c...
compiling stm32f4xx_tim.c...
compiling stm32f4xx_pwr.c...
compiling encoder.c...
compiling adc.c...
compiling stm32f4xx_ll_usb.c...
compiling stm32f4xx_hal_hcd.c...
compiling croutine.c...
compiling event_groups.c...
compiling queue.c...
compiling list.c...
compiling tasks.c...
compiling timers.c...
compiling port.c...
compiling heap_4.c...
compiling system.c...
compiling balance.c...
compiling robot_select_init.c...
compiling usbh_hid.c...
compiling show.c...
compiling usbh_hid_keybd.c...
compiling usbh_hid_mouse.c...
assembling startup_stm32f40_41xxx.s...
compiling usbh_core.c...
compiling usbh_hid_parser.c...
compiling usbh_ctlreq.c...
compiling usbh_ioreq.c...
compiling usbh_pipes.c...
compiling bsp_ps2.c...
compiling usbh_conf.c...
compiling usbh_os_middleware.c...
compiling usb_host.c...
linking...
Program Size: Code=76736 RO-data=10792 RW-data=924 ZI-data=46492  
FromELF: creating hex file...
"..\OBJ\WHEELTEC.axf" - 0 Error(s), 0 Warning(s).
Build Time Elapsed:  00:01:32
